mode: set
github.com/lamboktulussimamora/gra/context/context.go:30.59,37.2 1 1
github.com/lamboktulussimamora/gra/context/context.go:40.45,43.2 2 1
github.com/lamboktulussimamora/gra/context/context.go:46.53,49.62 3 1
github.com/lamboktulussimamora/gra/context/context.go:49.62,51.3 1 0
github.com/lamboktulussimamora/gra/context/context.go:55.51,57.16 2 1
github.com/lamboktulussimamora/gra/context/context.go:57.16,59.3 1 0
github.com/lamboktulussimamora/gra/context/context.go:60.2,62.34 2 1
github.com/lamboktulussimamora/gra/context/context.go:66.73,72.2 1 1
github.com/lamboktulussimamora/gra/context/context.go:75.54,80.2 1 1
github.com/lamboktulussimamora/gra/context/context.go:83.47,85.2 1 1
github.com/lamboktulussimamora/gra/context/context.go:88.47,90.2 1 1
github.com/lamboktulussimamora/gra/context/context.go:93.62,97.2 3 1
github.com/lamboktulussimamora/gra/context/context.go:100.54,102.2 1 1
github.com/lamboktulussimamora/gra/adapter/adapter.go:12.57,13.54 1 1
github.com/lamboktulussimamora/gra/adapter/adapter.go:13.54,16.3 2 1
github.com/lamboktulussimamora/gra/adapter/adapter.go:23.75,26.2 2 1
github.com/lamboktulussimamora/gra/adapter/adapter.go:29.55,31.2 1 1
github.com/lamboktulussimamora/gra/logger/logger.go:42.20,43.17 1 1
github.com/lamboktulussimamora/gra/logger/logger.go:43.17,49.3 1 1
github.com/lamboktulussimamora/gra/logger/logger.go:50.2,50.22 1 1
github.com/lamboktulussimamora/gra/logger/logger.go:54.33,60.2 1 0
github.com/lamboktulussimamora/gra/logger/logger.go:63.43,65.2 1 1
github.com/lamboktulussimamora/gra/logger/logger.go:68.43,70.2 1 0
github.com/lamboktulussimamora/gra/logger/logger.go:73.74,74.21 1 1
github.com/lamboktulussimamora/gra/logger/logger.go:74.21,76.3 1 1
github.com/lamboktulussimamora/gra/logger/logger.go:78.2,79.15 2 1
github.com/lamboktulussimamora/gra/logger/logger.go:80.13,81.21 1 1
github.com/lamboktulussimamora/gra/logger/logger.go:82.12,83.20 1 1
github.com/lamboktulussimamora/gra/logger/logger.go:84.12,85.20 1 1
github.com/lamboktulussimamora/gra/logger/logger.go:86.13,87.21 1 1
github.com/lamboktulussimamora/gra/logger/logger.go:88.13,89.21 1 1
github.com/lamboktulussimamora/gra/logger/logger.go:92.2,93.20 2 1
github.com/lamboktulussimamora/gra/logger/logger.go:93.20,95.3 1 1
github.com/lamboktulussimamora/gra/logger/logger.go:97.2,101.20 4 1
github.com/lamboktulussimamora/gra/logger/logger.go:101.20,103.3 1 1
github.com/lamboktulussimamora/gra/logger/logger.go:107.45,109.2 1 1
github.com/lamboktulussimamora/gra/logger/logger.go:112.61,114.2 1 1
github.com/lamboktulussimamora/gra/logger/logger.go:117.44,119.2 1 1
github.com/lamboktulussimamora/gra/logger/logger.go:122.60,124.2 1 1
github.com/lamboktulussimamora/gra/logger/logger.go:127.44,129.2 1 1
github.com/lamboktulussimamora/gra/logger/logger.go:132.60,134.2 1 1
github.com/lamboktulussimamora/gra/logger/logger.go:137.45,139.2 1 1
github.com/lamboktulussimamora/gra/logger/logger.go:142.61,144.2 1 1
github.com/lamboktulussimamora/gra/logger/logger.go:147.45,149.2 1 1
github.com/lamboktulussimamora/gra/logger/logger.go:152.61,154.2 1 1
github.com/lamboktulussimamora/gra/gra.go:20.27,22.2 1 1
github.com/lamboktulussimamora/gra/gra.go:25.47,27.2 1 1
github.com/lamboktulussimamora/gra/validator/validator.go:23.23,27.2 1 1
github.com/lamboktulussimamora/gra/validator/validator.go:30.65,34.2 3 1
github.com/lamboktulussimamora/gra/validator/validator.go:37.38,39.2 1 1
github.com/lamboktulussimamora/gra/validator/validator.go:42.68,45.31 2 1
github.com/lamboktulussimamora/gra/validator/validator.go:45.31,47.3 1 0
github.com/lamboktulussimamora/gra/validator/validator.go:49.2,49.34 1 1
github.com/lamboktulussimamora/gra/validator/validator.go:49.34,51.3 1 0
github.com/lamboktulussimamora/gra/validator/validator.go:53.2,55.38 2 1
github.com/lamboktulussimamora/gra/validator/validator.go:55.38,59.26 3 1
github.com/lamboktulussimamora/gra/validator/validator.go:59.26,62.12 2 0
github.com/lamboktulussimamora/gra/validator/validator.go:66.3,67.30 2 1
github.com/lamboktulussimamora/gra/validator/validator.go:67.30,68.12 1 0
github.com/lamboktulussimamora/gra/validator/validator.go:72.3,73.19 2 1
github.com/lamboktulussimamora/gra/validator/validator.go:73.19,75.4 1 1
github.com/lamboktulussimamora/gra/validator/validator.go:78.3,79.24 2 1
github.com/lamboktulussimamora/gra/validator/validator.go:79.24,80.12 1 1
github.com/lamboktulussimamora/gra/validator/validator.go:84.3,84.37 1 1
github.com/lamboktulussimamora/gra/validator/validator.go:84.37,86.12 2 1
github.com/lamboktulussimamora/gra/validator/validator.go:90.3,90.84 1 1
github.com/lamboktulussimamora/gra/validator/validator.go:90.84,92.37 1 1
github.com/lamboktulussimamora/gra/validator/validator.go:92.37,96.5 3 1
github.com/lamboktulussimamora/gra/validator/validator.go:100.3,101.30 2 1
github.com/lamboktulussimamora/gra/validator/validator.go:101.30,103.4 1 1
github.com/lamboktulussimamora/gra/validator/validator.go:108.80,114.20 4 1
github.com/lamboktulussimamora/gra/validator/validator.go:114.20,116.3 1 1
github.com/lamboktulussimamora/gra/validator/validator.go:119.2,119.18 1 1
github.com/lamboktulussimamora/gra/validator/validator.go:120.18,121.39 1 1
github.com/lamboktulussimamora/gra/validator/validator.go:122.15,123.36 1 1
github.com/lamboktulussimamora/gra/validator/validator.go:124.13,125.43 1 1
github.com/lamboktulussimamora/gra/validator/validator.go:126.13,127.43 1 1
github.com/lamboktulussimamora/gra/validator/validator.go:132.77,135.22 2 1
github.com/lamboktulussimamora/gra/validator/validator.go:136.22,137.33 1 1
github.com/lamboktulussimamora/gra/validator/validator.go:138.47,139.27 1 1
github.com/lamboktulussimamora/gra/validator/validator.go:140.78,141.29 1 0
github.com/lamboktulussimamora/gra/validator/validator.go:142.83,143.30 1 0
github.com/lamboktulussimamora/gra/validator/validator.go:144.40,145.31 1 0
github.com/lamboktulussimamora/gra/validator/validator.go:146.20,147.25 1 0
github.com/lamboktulussimamora/gra/validator/validator.go:150.2,150.14 1 1
github.com/lamboktulussimamora/gra/validator/validator.go:150.14,155.3 1 1
github.com/lamboktulussimamora/gra/validator/validator.go:159.74,160.36 1 1
github.com/lamboktulussimamora/gra/validator/validator.go:160.36,162.3 1 0
github.com/lamboktulussimamora/gra/validator/validator.go:164.2,165.17 2 1
github.com/lamboktulussimamora/gra/validator/validator.go:165.17,167.3 1 1
github.com/lamboktulussimamora/gra/validator/validator.go:170.2,171.36 2 1
github.com/lamboktulussimamora/gra/validator/validator.go:171.36,176.3 1 1
github.com/lamboktulussimamora/gra/validator/validator.go:180.77,181.22 1 1
github.com/lamboktulussimamora/gra/validator/validator.go:182.22,185.32 3 1
github.com/lamboktulussimamora/gra/validator/validator.go:185.32,190.4 1 1
github.com/lamboktulussimamora/gra/validator/validator.go:191.78,194.24 3 1
github.com/lamboktulussimamora/gra/validator/validator.go:194.24,199.4 1 1
github.com/lamboktulussimamora/gra/validator/validator.go:200.40,203.26 3 1
github.com/lamboktulussimamora/gra/validator/validator.go:203.26,208.4 1 1
github.com/lamboktulussimamora/gra/validator/validator.go:213.77,214.22 1 1
github.com/lamboktulussimamora/gra/validator/validator.go:215.22,218.32 3 1
github.com/lamboktulussimamora/gra/validator/validator.go:218.32,223.4 1 1
github.com/lamboktulussimamora/gra/validator/validator.go:224.78,227.24 3 1
github.com/lamboktulussimamora/gra/validator/validator.go:227.24,232.4 1 1
github.com/lamboktulussimamora/gra/validator/validator.go:233.40,236.26 3 0
github.com/lamboktulussimamora/gra/validator/validator.go:236.26,241.4 1 0
github.com/lamboktulussimamora/gra/middleware/middleware.go:19.76,20.58 1 1
github.com/lamboktulussimamora/gra/middleware/middleware.go:20.58,21.35 1 1
github.com/lamboktulussimamora/gra/middleware/middleware.go:21.35,24.24 2 1
github.com/lamboktulussimamora/gra/middleware/middleware.go:24.24,27.5 2 1
github.com/lamboktulussimamora/gra/middleware/middleware.go:30.4,31.47 2 1
github.com/lamboktulussimamora/gra/middleware/middleware.go:31.47,34.5 2 1
github.com/lamboktulussimamora/gra/middleware/middleware.go:37.4,41.18 3 1
github.com/lamboktulussimamora/gra/middleware/middleware.go:41.18,44.5 2 1
github.com/lamboktulussimamora/gra/middleware/middleware.go:47.4,50.11 2 1
github.com/lamboktulussimamora/gra/middleware/middleware.go:56.33,57.58 1 1
github.com/lamboktulussimamora/gra/middleware/middleware.go:57.58,58.35 1 1
github.com/lamboktulussimamora/gra/middleware/middleware.go:58.35,72.4 6 1
github.com/lamboktulussimamora/gra/middleware/middleware.go:77.35,78.58 1 1
github.com/lamboktulussimamora/gra/middleware/middleware.go:78.58,79.35 1 1
github.com/lamboktulussimamora/gra/middleware/middleware.go:79.35,80.17 1 1
github.com/lamboktulussimamora/gra/middleware/middleware.go:80.17,81.37 1 1
github.com/lamboktulussimamora/gra/middleware/middleware.go:81.37,85.6 3 1
github.com/lamboktulussimamora/gra/middleware/middleware.go:88.4,88.11 1 1
github.com/lamboktulussimamora/gra/middleware/middleware.go:94.49,95.58 1 1
github.com/lamboktulussimamora/gra/middleware/middleware.go:95.58,96.35 1 1
github.com/lamboktulussimamora/gra/middleware/middleware.go:96.35,102.46 4 1
github.com/lamboktulussimamora/gra/middleware/middleware.go:102.46,105.5 2 1
github.com/lamboktulussimamora/gra/middleware/middleware.go:107.4,107.11 1 1
github.com/lamboktulussimamora/gra/router/router.go:33.20,37.38 1 1
github.com/lamboktulussimamora/gra/router/router.go:37.38,39.4 1 0
github.com/lamboktulussimamora/gra/router/router.go:40.46,42.4 1 0
github.com/lamboktulussimamora/gra/router/router.go:47.48,49.2 1 1
github.com/lamboktulussimamora/gra/router/router.go:52.67,58.2 1 1
github.com/lamboktulussimamora/gra/router/router.go:61.56,63.2 1 1
github.com/lamboktulussimamora/gra/router/router.go:66.57,68.2 1 1
github.com/lamboktulussimamora/gra/router/router.go:71.56,73.2 1 1
github.com/lamboktulussimamora/gra/router/router.go:76.59,78.2 1 1
github.com/lamboktulussimamora/gra/router/router.go:81.51,83.2 1 1
github.com/lamboktulussimamora/gra/router/router.go:86.59,88.2 1 1
github.com/lamboktulussimamora/gra/router/router.go:92.73,96.42 3 1
github.com/lamboktulussimamora/gra/router/router.go:96.42,98.3 1 1
github.com/lamboktulussimamora/gra/router/router.go:100.2,102.39 2 1
github.com/lamboktulussimamora/gra/router/router.go:102.39,103.48 1 1
github.com/lamboktulussimamora/gra/router/router.go:103.48,107.4 2 1
github.com/lamboktulussimamora/gra/router/router.go:107.9,107.42 1 1
github.com/lamboktulussimamora/gra/router/router.go:107.42,110.4 1 1
github.com/lamboktulussimamora/gra/router/router.go:113.2,113.21 1 1
github.com/lamboktulussimamora/gra/router/router.go:117.70,124.33 4 1
github.com/lamboktulussimamora/gra/router/router.go:124.33,125.70 1 1
github.com/lamboktulussimamora/gra/router/router.go:125.70,126.34 1 1
github.com/lamboktulussimamora/gra/router/router.go:126.34,129.10 3 1
github.com/lamboktulussimamora/gra/router/router.go:130.10,132.5 1 1
github.com/lamboktulussimamora/gra/router/router.go:138.2,138.46 1 1
github.com/lamboktulussimamora/gra/router/router.go:138.46,140.3 1 1
github.com/lamboktulussimamora/gra/router/router.go:143.2,143.20 1 1
github.com/lamboktulussimamora/gra/router/router.go:143.20,145.3 1 1
github.com/lamboktulussimamora/gra/router/router.go:148.2,152.28 3 1
github.com/lamboktulussimamora/gra/router/router.go:152.28,154.3 1 1
github.com/lamboktulussimamora/gra/router/router.go:157.2,157.12 1 1
github.com/lamboktulussimamora/gra/router/router.go:161.50,162.44 1 1
github.com/lamboktulussimamora/gra/router/router.go:162.44,163.46 1 1
github.com/lamboktulussimamora/gra/router/router.go:163.46,165.4 1 1
github.com/lamboktulussimamora/gra/router/router.go:166.3,166.14 1 1
