mode: set
github.com/lamboktulussimamora/gra/gra.go:20.27,22.2 1 1
github.com/lamboktulussimamora/gra/gra.go:25.47,27.2 1 1
github.com/lamboktulussimamora/gra/middleware/middleware.go:19.76,20.58 1 1
github.com/lamboktulussimamora/gra/middleware/middleware.go:20.58,21.35 1 1
github.com/lamboktulussimamora/gra/middleware/middleware.go:21.35,24.24 2 1
github.com/lamboktulussimamora/gra/middleware/middleware.go:24.24,27.5 2 1
github.com/lamboktulussimamora/gra/middleware/middleware.go:30.4,31.47 2 1
github.com/lamboktulussimamora/gra/middleware/middleware.go:31.47,34.5 2 1
github.com/lamboktulussimamora/gra/middleware/middleware.go:37.4,41.18 3 1
github.com/lamboktulussimamora/gra/middleware/middleware.go:41.18,44.5 2 1
github.com/lamboktulussimamora/gra/middleware/middleware.go:47.4,50.11 2 1
github.com/lamboktulussimamora/gra/middleware/middleware.go:56.33,57.58 1 1
github.com/lamboktulussimamora/gra/middleware/middleware.go:57.58,58.35 1 1
github.com/lamboktulussimamora/gra/middleware/middleware.go:58.35,72.4 6 1
github.com/lamboktulussimamora/gra/middleware/middleware.go:77.35,78.58 1 1
github.com/lamboktulussimamora/gra/middleware/middleware.go:78.58,79.35 1 1
github.com/lamboktulussimamora/gra/middleware/middleware.go:79.35,80.17 1 1
github.com/lamboktulussimamora/gra/middleware/middleware.go:80.17,81.37 1 1
github.com/lamboktulussimamora/gra/middleware/middleware.go:81.37,85.6 3 1
github.com/lamboktulussimamora/gra/middleware/middleware.go:88.4,88.11 1 1
github.com/lamboktulussimamora/gra/middleware/middleware.go:94.49,95.58 1 1
github.com/lamboktulussimamora/gra/middleware/middleware.go:95.58,96.35 1 1
github.com/lamboktulussimamora/gra/middleware/middleware.go:96.35,102.46 4 1
github.com/lamboktulussimamora/gra/middleware/middleware.go:102.46,105.5 2 1
github.com/lamboktulussimamora/gra/middleware/middleware.go:107.4,107.11 1 1
github.com/lamboktulussimamora/gra/validator/validator.go:23.23,27.2 1 1
github.com/lamboktulussimamora/gra/validator/validator.go:30.65,34.2 3 1
github.com/lamboktulussimamora/gra/validator/validator.go:37.38,39.2 1 1
github.com/lamboktulussimamora/gra/validator/validator.go:42.68,45.31 2 1
github.com/lamboktulussimamora/gra/validator/validator.go:45.31,47.3 1 0
github.com/lamboktulussimamora/gra/validator/validator.go:49.2,49.34 1 1
github.com/lamboktulussimamora/gra/validator/validator.go:49.34,51.3 1 0
github.com/lamboktulussimamora/gra/validator/validator.go:53.2,55.38 2 1
github.com/lamboktulussimamora/gra/validator/validator.go:55.38,59.26 3 1
github.com/lamboktulussimamora/gra/validator/validator.go:59.26,62.12 2 0
github.com/lamboktulussimamora/gra/validator/validator.go:66.3,67.30 2 1
github.com/lamboktulussimamora/gra/validator/validator.go:67.30,68.12 1 0
github.com/lamboktulussimamora/gra/validator/validator.go:72.3,73.19 2 1
github.com/lamboktulussimamora/gra/validator/validator.go:73.19,75.4 1 1
github.com/lamboktulussimamora/gra/validator/validator.go:78.3,79.24 2 1
github.com/lamboktulussimamora/gra/validator/validator.go:79.24,80.12 1 1
github.com/lamboktulussimamora/gra/validator/validator.go:84.3,84.37 1 1
github.com/lamboktulussimamora/gra/validator/validator.go:84.37,86.12 2 1
github.com/lamboktulussimamora/gra/validator/validator.go:90.3,91.30 2 1
github.com/lamboktulussimamora/gra/validator/validator.go:91.30,93.4 1 1
github.com/lamboktulussimamora/gra/validator/validator.go:98.80,104.20 4 1
github.com/lamboktulussimamora/gra/validator/validator.go:104.20,106.3 1 1
github.com/lamboktulussimamora/gra/validator/validator.go:109.2,109.18 1 1
github.com/lamboktulussimamora/gra/validator/validator.go:110.18,111.39 1 1
github.com/lamboktulussimamora/gra/validator/validator.go:112.15,113.36 1 1
github.com/lamboktulussimamora/gra/validator/validator.go:114.13,115.43 1 1
github.com/lamboktulussimamora/gra/validator/validator.go:116.13,117.43 1 1
github.com/lamboktulussimamora/gra/validator/validator.go:122.77,125.22 2 1
github.com/lamboktulussimamora/gra/validator/validator.go:126.22,127.33 1 1
github.com/lamboktulussimamora/gra/validator/validator.go:128.47,129.27 1 0
github.com/lamboktulussimamora/gra/validator/validator.go:130.78,131.29 1 0
github.com/lamboktulussimamora/gra/validator/validator.go:132.83,133.30 1 0
github.com/lamboktulussimamora/gra/validator/validator.go:134.40,135.31 1 0
github.com/lamboktulussimamora/gra/validator/validator.go:136.20,137.25 1 0
github.com/lamboktulussimamora/gra/validator/validator.go:140.2,140.14 1 1
github.com/lamboktulussimamora/gra/validator/validator.go:140.14,145.3 1 1
github.com/lamboktulussimamora/gra/validator/validator.go:149.74,150.36 1 1
github.com/lamboktulussimamora/gra/validator/validator.go:150.36,152.3 1 0
github.com/lamboktulussimamora/gra/validator/validator.go:154.2,155.17 2 1
github.com/lamboktulussimamora/gra/validator/validator.go:155.17,157.3 1 1
github.com/lamboktulussimamora/gra/validator/validator.go:160.2,161.36 2 1
github.com/lamboktulussimamora/gra/validator/validator.go:161.36,166.3 1 1
github.com/lamboktulussimamora/gra/validator/validator.go:170.77,171.22 1 1
github.com/lamboktulussimamora/gra/validator/validator.go:172.22,175.32 3 1
github.com/lamboktulussimamora/gra/validator/validator.go:175.32,180.4 1 1
github.com/lamboktulussimamora/gra/validator/validator.go:181.78,184.24 3 1
github.com/lamboktulussimamora/gra/validator/validator.go:184.24,189.4 1 1
github.com/lamboktulussimamora/gra/validator/validator.go:190.40,193.26 3 1
github.com/lamboktulussimamora/gra/validator/validator.go:193.26,198.4 1 1
github.com/lamboktulussimamora/gra/validator/validator.go:203.77,204.22 1 1
github.com/lamboktulussimamora/gra/validator/validator.go:205.22,208.32 3 1
github.com/lamboktulussimamora/gra/validator/validator.go:208.32,213.4 1 1
github.com/lamboktulussimamora/gra/validator/validator.go:214.78,217.24 3 1
github.com/lamboktulussimamora/gra/validator/validator.go:217.24,222.4 1 1
github.com/lamboktulussimamora/gra/validator/validator.go:223.40,226.26 3 0
github.com/lamboktulussimamora/gra/validator/validator.go:226.26,231.4 1 0
github.com/lamboktulussimamora/gra/context/context.go:30.59,37.2 1 1
github.com/lamboktulussimamora/gra/context/context.go:40.45,43.2 2 1
github.com/lamboktulussimamora/gra/context/context.go:46.53,49.62 3 1
github.com/lamboktulussimamora/gra/context/context.go:49.62,51.3 1 0
github.com/lamboktulussimamora/gra/context/context.go:55.51,57.16 2 1
github.com/lamboktulussimamora/gra/context/context.go:57.16,59.3 1 0
github.com/lamboktulussimamora/gra/context/context.go:60.2,62.34 2 1
github.com/lamboktulussimamora/gra/context/context.go:66.73,72.2 1 1
github.com/lamboktulussimamora/gra/context/context.go:75.54,80.2 1 1
github.com/lamboktulussimamora/gra/context/context.go:83.47,85.2 1 1
github.com/lamboktulussimamora/gra/context/context.go:88.47,90.2 1 1
github.com/lamboktulussimamora/gra/context/context.go:93.62,97.2 3 1
github.com/lamboktulussimamora/gra/context/context.go:100.54,102.2 1 1
github.com/lamboktulussimamora/gra/logger/logger.go:41.20,42.17 1 1
github.com/lamboktulussimamora/gra/logger/logger.go:42.17,48.3 1 1
github.com/lamboktulussimamora/gra/logger/logger.go:49.2,49.22 1 1
github.com/lamboktulussimamora/gra/logger/logger.go:53.33,59.2 1 1
github.com/lamboktulussimamora/gra/logger/logger.go:62.43,64.2 1 1
github.com/lamboktulussimamora/gra/logger/logger.go:67.43,69.2 1 1
github.com/lamboktulussimamora/gra/logger/logger.go:72.74,73.21 1 1
github.com/lamboktulussimamora/gra/logger/logger.go:73.21,75.3 1 1
github.com/lamboktulussimamora/gra/logger/logger.go:77.2,78.15 2 1
github.com/lamboktulussimamora/gra/logger/logger.go:79.13,80.21 1 1
github.com/lamboktulussimamora/gra/logger/logger.go:81.12,82.20 1 1
github.com/lamboktulussimamora/gra/logger/logger.go:83.12,84.20 1 1
github.com/lamboktulussimamora/gra/logger/logger.go:85.13,86.21 1 1
github.com/lamboktulussimamora/gra/logger/logger.go:87.13,88.21 1 0
github.com/lamboktulussimamora/gra/logger/logger.go:91.2,92.20 2 1
github.com/lamboktulussimamora/gra/logger/logger.go:92.20,94.3 1 1
github.com/lamboktulussimamora/gra/logger/logger.go:96.2,100.20 4 1
github.com/lamboktulussimamora/gra/logger/logger.go:100.20,102.3 1 0
github.com/lamboktulussimamora/gra/logger/logger.go:106.45,108.2 1 1
github.com/lamboktulussimamora/gra/logger/logger.go:111.61,113.2 1 1
github.com/lamboktulussimamora/gra/logger/logger.go:116.44,118.2 1 1
github.com/lamboktulussimamora/gra/logger/logger.go:121.60,123.2 1 1
github.com/lamboktulussimamora/gra/logger/logger.go:126.44,128.2 1 1
github.com/lamboktulussimamora/gra/logger/logger.go:131.60,133.2 1 1
github.com/lamboktulussimamora/gra/logger/logger.go:136.45,138.2 1 1
github.com/lamboktulussimamora/gra/logger/logger.go:141.61,143.2 1 1
github.com/lamboktulussimamora/gra/logger/logger.go:146.45,148.2 1 0
github.com/lamboktulussimamora/gra/logger/logger.go:151.61,153.2 1 0
github.com/lamboktulussimamora/gra/router/router.go:33.20,37.38 1 1
github.com/lamboktulussimamora/gra/router/router.go:37.38,39.4 1 0
github.com/lamboktulussimamora/gra/router/router.go:40.46,42.4 1 0
github.com/lamboktulussimamora/gra/router/router.go:47.48,49.2 1 1
github.com/lamboktulussimamora/gra/router/router.go:52.67,58.2 1 1
github.com/lamboktulussimamora/gra/router/router.go:61.56,63.2 1 1
github.com/lamboktulussimamora/gra/router/router.go:66.57,68.2 1 1
github.com/lamboktulussimamora/gra/router/router.go:71.56,73.2 1 1
github.com/lamboktulussimamora/gra/router/router.go:76.59,78.2 1 1
github.com/lamboktulussimamora/gra/router/router.go:81.51,83.2 1 1
github.com/lamboktulussimamora/gra/router/router.go:86.59,88.2 1 1
github.com/lamboktulussimamora/gra/router/router.go:92.73,96.42 3 1
github.com/lamboktulussimamora/gra/router/router.go:96.42,98.3 1 1
github.com/lamboktulussimamora/gra/router/router.go:100.2,102.39 2 1
github.com/lamboktulussimamora/gra/router/router.go:102.39,103.48 1 1
github.com/lamboktulussimamora/gra/router/router.go:103.48,107.4 2 1
github.com/lamboktulussimamora/gra/router/router.go:107.9,107.42 1 1
github.com/lamboktulussimamora/gra/router/router.go:107.42,110.4 1 1
github.com/lamboktulussimamora/gra/router/router.go:113.2,113.21 1 1
github.com/lamboktulussimamora/gra/router/router.go:117.70,124.33 4 1
github.com/lamboktulussimamora/gra/router/router.go:124.33,125.70 1 1
github.com/lamboktulussimamora/gra/router/router.go:125.70,126.34 1 1
github.com/lamboktulussimamora/gra/router/router.go:126.34,129.10 3 1
github.com/lamboktulussimamora/gra/router/router.go:130.10,132.5 1 1
github.com/lamboktulussimamora/gra/router/router.go:138.2,138.46 1 1
github.com/lamboktulussimamora/gra/router/router.go:138.46,140.3 1 1
github.com/lamboktulussimamora/gra/router/router.go:143.2,143.20 1 1
github.com/lamboktulussimamora/gra/router/router.go:143.20,145.3 1 1
github.com/lamboktulussimamora/gra/router/router.go:148.2,152.28 3 1
github.com/lamboktulussimamora/gra/router/router.go:152.28,154.3 1 1
github.com/lamboktulussimamora/gra/router/router.go:157.2,157.12 1 1
github.com/lamboktulussimamora/gra/router/router.go:161.50,162.44 1 1
github.com/lamboktulussimamora/gra/router/router.go:162.44,163.46 1 1
github.com/lamboktulussimamora/gra/router/router.go:163.46,165.4 1 1
github.com/lamboktulussimamora/gra/router/router.go:166.3,166.14 1 1
github.com/lamboktulussimamora/gra/adapter/adapter.go:12.57,13.54 1 1
github.com/lamboktulussimamora/gra/adapter/adapter.go:13.54,16.3 2 1
github.com/lamboktulussimamora/gra/adapter/adapter.go:23.75,26.2 2 1
github.com/lamboktulussimamora/gra/adapter/adapter.go:29.55,31.2 1 1
